Not a valid list position.
Could not find element with Id 'katalon.composer.objectrepository.handledmenuitem.spyweb'
Could not find element with Id 'com.kms.katalon.composer.mobile.dynamicmenucontribution.ios'
Could not find element with Id 'com.kms.katalon.composer.mobile.dynamicmenucontribution.ios'
Warning: NLS unused message: Key in: com.kms.katalon.composer.project.constants.composerProjectMessages
Warning: NLS unused message: Key in: com.kms.katalon.composer.testcase.constants.composerTestcaseMessages
Warning: NLS missing message: BTN_ADDTESTSUITE in: com.kms.katalon.composer.testcase.constants.composerTestcaseMessages
Warning: NLS unused message: PA_LBL_CREATED_DATE in: com.kms.katalon.composer.testsuite.constants.composerTestsuiteMessages
Warning: NLS unused message: PA_LBL_LAST_UPDATED in: com.kms.katalon.composer.testsuite.constants.composerTestsuiteMessages
Warning: NLS unused message: Key in: com.kms.katalon.composer.objectrepository.constant.composerObjectRepositoryMessages
Warning: NLS missing message: OFFLINE_ACTIVATION in: com.kms.katalon.constants.messages
Warning: NLS missing message: ENTERPRISE_TRIAL_LICENSE in: com.kms.katalon.constants.messages
Warning: NLS missing message: ActivationDialogV2_LBL_ENTERPRISE_LICENSE in: com.kms.katalon.constants.messages
Warning: NLS missing message: DIALOG_TITLE_FIRST_TIME_USE_SURVEY in: com.kms.katalon.constants.messages
Warning: NLS missing message: BTN_YES_CONTINUE_USE in: com.kms.katalon.constants.messages
Warning: NLS missing message: BTN_NO_QUIT_USING in: com.kms.katalon.constants.messages
Warning: NLS missing message: BTN_SEND in: com.kms.katalon.constants.messages
Warning: NLS missing message: MSG_QUESTION_WILL_CONTINUE_TO_USE in: com.kms.katalon.constants.messages
Warning: NLS missing message: MSG_QUIT_USING_KATALON_REASON in: com.kms.katalon.constants.messages
Warning: NLS missing message: MSG_QUIT_USING_KATALON_REASON_PLACEHOLDER in: com.kms.katalon.constants.messages
WebView Server has been started on port 60339
log4j:WARN No appenders could be found for logger (org.apache.http.client.protocol.RequestAuthCache).
log4j:WARN Please initialize the log4j system properly.
Start checking and mark activated for GUI mode
Start getting machine ID on Windows
Start appending additional signatures
hardwareSerialNumber 
osDependentUsername menht
End appending additional signatures 874d8613-0bef-467c-8b83-bf17cbc4a564__menht
End getting machine ID on Windows 7885ec879090084f24c38ce456917668
Expired License.
End checking and mark activated for GUI mode
Start check license task
WebView Server has been started on port 60364
Warning: NLS unused message: LBL_DEFAULT_LOCATOR_SELECTION_AREA in: com.katalon.plugin.smart_xpath.constant.SmartXpathMessages
Latest plugins responses: [{"id":168348,"status":1,"expiration_date":null,"created_at":"2020-02-15T08:46:12.478Z","updated_at":"2020-02-15T08:46:12.478Z","active":true,"send_expiration_mail":false,"send_expiration_reminder_mail":false,"user_id":65180,"bundled_plugin_id":null,"product":{"id":180,"plugin_id":"com.katalon.katalon-studio-testng;singleton=true","name":"TestNG/JUnit Keywords","description":"The built-in TestNG/JUnit keywords are supported for executing your TestNG/JUnit/Selenium test scripts in Katalon Studio.","logo":"sfyj32l3e72rv1gu-TestNg_JUnit_selenium_Keywords_140px.png","repository":null,"documentation":"http://docs.katalon.com/katalon-studio/docs/selenium-testng-junit-migration.html","reference":null,"license":"https://www.katalon.com/terms/katalon-store-term/katalon-plugin-license-agreement/","release_date":null,"qa_url":null,"status":1,"created_at":"2020-04-20T05:50:41.043Z","updated_at":"2020-05-15T10:07:25.977Z","overview":"From  7.4.0,  Katalon Studio supports migrating test scripts from Selenium, TestNG, or JUnit projects. You can reuse, maintain, and execute your test cases right in Katalon Studio. \r\n\r\nThis plugin is for facilitating the migration process by enabling the TestNG/JUnit built-in keywords,  including `runTestNGTestClasses`, `runTestNGTestSuites`, and `runJUnitTestCases`  in the **manual** view.\r\n","price":null,"stripe_product_id":null,"reject_reason":null,"latest_version_number":null,"product_type_id":1,"marketplace_id":null,"product_versions":[{"id":255,"number":"1.0.0","source":"pa462ufxqnnd4cqz-katalon-studio-testng-junit-keywords-1.0.0.jar.zip","status":1,"created_at":"2020-04-20T05:50:41.051Z","updated_at":"2020-04-20T05:50:51.731Z","min_app_version":"7.4.0","max_app_version":null,"change_log":""}],"product_type":{"id":1,"name":"Katalon Studio Plugin","description":"Katalon Studio Plugin","sequence":2,"created_at":"2019-01-30T01:47:14.080Z","updated_at":"2019-01-30T01:47:14.080Z","view_type":0},"product_categories":[{"id":2,"name":"Utilities","short_name":"","description":"Utilities","order":3,"hide":false,"use_carousel":false,"created_at":"2019-06-13T08:48:28.556Z","updated_at":"2020-08-03T09:32:20.864Z","product_join_category":{"id":214,"created_at":"2020-04-21T05:45:04.120Z","updated_at":"2020-04-21T05:45:04.120Z","product_id":180,"category_id":2}}],"logoUrl":"https://katalon-store.s3.amazonaws.com/sfyj32l3e72rv1gu-TestNg_JUnit_selenium_Keywords_140px.png","categories":"Utilities","url":"/product/180"},"license_type":{"id":1,"name":"Free","active":true,"day":null,"month":null,"year":null,"created_at":"2019-01-30T01:47:14.080Z","updated_at":"2019-01-30T01:47:14.080Z"},"free":true,"trial":false,"paid":false,"expired":false,"canceled":false,"uninstalled":false,"finalized":false,"compatible_versions":[{"id":255,"number":"1.0.0","source":"pa462ufxqnnd4cqz-katalon-studio-testng-junit-keywords-1.0.0.jar.zip","status":1,"created_at":"2020-04-20T05:50:41.051Z","updated_at":"2020-04-20T05:50:51.731Z","min_app_version":"7.4.0","max_app_version":null,"change_log":""}],"latest_compatible_version":{"id":255,"number":"1.0.0","source":"pa462ufxqnnd4cqz-katalon-studio-testng-junit-keywords-1.0.0.jar.zip","status":1,"created_at":"2020-04-20T05:50:41.051Z","updated_at":"2020-04-20T05:50:51.731Z","min_app_version":"7.4.0","max_app_version":null,"change_log":""},"current_version":{"id":255,"number":"1.0.0","source":"pa462ufxqnnd4cqz-katalon-studio-testng-junit-keywords-1.0.0.jar.zip","status":1,"created_at":"2020-04-20T05:50:41.051Z","updated_at":"2020-04-20T05:50:51.731Z","min_app_version":"7.4.0","max_app_version":null,"change_log":""},"latest_version":{"id":255,"number":"1.0.0","source":"pa462ufxqnnd4cqz-katalon-studio-testng-junit-keywords-1.0.0.jar.zip","status":1,"created_at":"2020-04-20T05:50:41.051Z","updated_at":"2020-04-20T05:50:51.731Z","min_app_version":"7.4.0","max_app_version":null,"change_log":""},"created_date":"February 15th 2020, 8:46 am","download_url":"https://plugins.katalon.com/pa462ufxqnnd4cqz-katalon-studio-testng-junit-keywords-1.0.0.jar.zip?Expires=1621369028&Policy=eyJTdGF0ZW1lbnQiOlt7IlJlc291cmNlIjoiaHR0cHM6Ly9wbHVnaW5zLmthdGFsb24uY29tL3BhNDYydWZ4cW5uZDRjcXota2F0YWxvbi1zdHVkaW8tdGVzdG5nLWp1bml0LWtleXdvcmRzLTEuMC4wLmphci56aXAiLCJDb25kaXRpb24iOnsiRGF0ZUxlc3NUaGFuIjp7IkFXUzpFcG9jaFRpbWUiOjE2MjEzNjkwMjh9fX1dfQ__&Signature=hqOyx01ZCnn7NCaiPvY-IPk-co3ALngLGl93yuhWUxCnWPK4R6tAgIEhTQ3nwv2Ui1zGyCRWrD7cTkstsIcG2phLpKUGz9ecfyhw~KtE-TdcsHr6OwC5WI4CnURt3fDynkUWu8Pb1fTOzBoY0mhSLj3UVhk1g1yeHvBiHVLrmsdIypeZzS~l9nTX1O9czfiPNX8hRarmLX~wpOm4qmwwzgt4NroGzj0UixEqGX4ebWtnvcshziQp-5Kp7IYWTApFd3cBi9YT2m3GS9DqbSrE3T-HNnHNPGsLJXZS4rAWZlFhC8IXNs~qwF-TGgnC9sThLmwoDp4WkCVMbczLSCELZw__&Key-Pair-Id=APKAIPDLSSZCBYT7R3MA"}]
Katalon version: 7.9.1
Plugin info URL: https://store.katalon.com/api/products/ks?appVersion=7.9.1&appType=KSE&licenseType=FREE
Plugin info: {
  "expired": false,
  "productId": 180,
  "name": "TestNG/JUnit Keywords",
  "id": 168348
}
Plugin name: TestNG/JUnit Keywords. Is online: true. Plugin location: D:\Katalon_Studio_Windows_64-7.9.1\configuration\plugin\install\168348\1.0.0\katalon-studio-testng-junit-keywords-1.0.0.jar.
Warning: NLS unused message: PREF_LBL_ACTIVE_BROWSER_PORT_DO_NOT_SHOW_WARNING_DIALOG in: com.kms.katalon.objectspy.constants.objectspyMessages
Warning: NLS unused message: PREF_WARN_KSE_SQL_SERVER in: com.kms.katalon.composer.testdata.constants.composerTestdataMessages
Warning: NLS unused message: PREF_WARN_KSE_ORACLE_SQL in: com.kms.katalon.composer.testdata.constants.composerTestdataMessages

Wed May 19 18:46:06 ICT 2021
java.net.UnknownHostException: update.katalon.com
	at java.net.AbstractPlainSocketImpl.connect(AbstractPlainSocketImpl.java:184)
	at java.net.PlainSocketImpl.connect(PlainSocketImpl.java:172)
	at java.net.SocksSocketImpl.connect(SocksSocketImpl.java:392)
	at java.net.Socket.connect(Socket.java:589)
	at sun.security.ssl.SSLSocketImpl.connect(SSLSocketImpl.java:673)
	at sun.security.ssl.BaseSSLSocketImpl.connect(BaseSSLSocketImpl.java:173)
	at sun.net.NetworkClient.doConnect(NetworkClient.java:180)
	at sun.net.www.http.HttpClient.openServer(HttpClient.java:463)
	at sun.net.www.http.HttpClient.openServer(HttpClient.java:558)
	at sun.net.www.protocol.https.HttpsClient.<init>(HttpsClient.java:264)
	at sun.net.www.protocol.https.HttpsClient.New(HttpsClient.java:367)
	at sun.net.www.protocol.https.AbstractDelegateHttpsURLConnection.getNewHttpClient(AbstractDelegateHttpsURLConnection.java:191)
	at sun.net.www.protocol.http.HttpURLConnection.plainConnect0(HttpURLConnection.java:1199)
	at sun.net.www.protocol.http.HttpURLConnection.plainConnect(HttpURLConnection.java:1050)
	at sun.net.www.protocol.https.AbstractDelegateHttpsURLConnection.connect(AbstractDelegateHttpsURLConnection.java:177)
	at sun.net.www.protocol.http.HttpURLConnection.getOutputStream0(HttpURLConnection.java:1334)
	at sun.net.www.protocol.http.HttpURLConnection.getOutputStream(HttpURLConnection.java:1309)
	at sun.net.www.protocol.https.HttpsURLConnectionImpl.getOutputStream(HttpsURLConnectionImpl.java:259)
	at com.kms.katalon.application.utils.ServerAPICommunicationUtil.sendAndReceiveData(ServerAPICommunicationUtil.java:235)
	at com.kms.katalon.application.utils.ServerAPICommunicationUtil.invoke(ServerAPICommunicationUtil.java:127)
	at com.kms.katalon.application.utils.ServerAPICommunicationUtil.post(ServerAPICommunicationUtil.java:56)
	at com.kms.katalon.tracking.service.TrackingApiService.post(TrackingApiService.java:24)
	at com.kms.katalon.tracking.service.TrackingService.sendEventPayload(TrackingService.java:55)
	at com.kms.katalon.tracking.service.TrackingService.lambda$0(TrackingService.java:39)
	at java.util.concurrent.Executors$RunnableAdapter.call(Executors.java:511)
	at java.util.concurrent.FutureTask.run(FutureTask.java:266)
	at java.util.concurrent.ThreadPoolExecutor.runWorker(ThreadPoolExecutor.java:1149)
	at java.util.concurrent.ThreadPoolExecutor$Worker.run(ThreadPoolExecutor.java:624)
	at java.lang.Thread.run(Thread.java:748)


Launcher status after execution process completed: Running
Launcher status after execution process completed: Running
Warning: NLS missing message: ConsoleMain_MSG_DEVOPS_LICENSE_COMPATIBILITY in: com.kms.katalon.execution.constants.executionMessages
Warning: NLS missing message: ConsoleMain_MSG_NON_DEVOPS_LICENSE_COMPATIBLITY in: com.kms.katalon.execution.constants.executionMessages
Launcher status after execution process completed: Running
Start writing execution.uuid file to folder: C:\Users\admin\Katalon Studio\My First Web UI Project\Reports\20210519_215523\Test Suite_login\20210519_215523
Start generating JUnit report folder at: C:\Users\admin\Katalon Studio\My First Web UI Project\Reports\20210519_215523\Test Suite_login\20210519_215523...
JUnit report were generated at folder: C:\Users\admin\Katalon Studio\My First Web UI Project\Reports\20210519_215523\Test Suite_login\20210519_215523
Launcher status after execution process completed: Running
Launcher status after execution process completed: Running
Launcher status after execution process completed: Running
Launcher status after execution process completed: Running
Start writing execution.uuid file to folder: C:\Users\admin\Katalon Studio\My First Web UI Project\Reports\20210519_220511\Test Suite_login\20210519_220511
Start generating JUnit report folder at: C:\Users\admin\Katalon Studio\My First Web UI Project\Reports\20210519_220511\Test Suite_login\20210519_220511...
JUnit report were generated at folder: C:\Users\admin\Katalon Studio\My First Web UI Project\Reports\20210519_220511\Test Suite_login\20210519_220511
Launcher status after execution process completed: Running
Launcher status after execution process completed: Running
Launcher status after execution process completed: Running
Launcher status after execution process completed: Running

Thu May 20 18:46:12 ICT 2021
java.net.UnknownHostException: update.katalon.com
	at java.net.AbstractPlainSocketImpl.connect(AbstractPlainSocketImpl.java:184)
	at java.net.PlainSocketImpl.connect(PlainSocketImpl.java:172)
	at java.net.SocksSocketImpl.connect(SocksSocketImpl.java:392)
	at java.net.Socket.connect(Socket.java:589)
	at sun.security.ssl.SSLSocketImpl.connect(SSLSocketImpl.java:673)
	at sun.security.ssl.BaseSSLSocketImpl.connect(BaseSSLSocketImpl.java:173)
	at sun.net.NetworkClient.doConnect(NetworkClient.java:180)
	at sun.net.www.http.HttpClient.openServer(HttpClient.java:463)
	at sun.net.www.http.HttpClient.openServer(HttpClient.java:558)
	at sun.net.www.protocol.https.HttpsClient.<init>(HttpsClient.java:264)
	at sun.net.www.protocol.https.HttpsClient.New(HttpsClient.java:367)
	at sun.net.www.protocol.https.AbstractDelegateHttpsURLConnection.getNewHttpClient(AbstractDelegateHttpsURLConnection.java:191)
	at sun.net.www.protocol.http.HttpURLConnection.plainConnect0(HttpURLConnection.java:1199)
	at sun.net.www.protocol.http.HttpURLConnection.plainConnect(HttpURLConnection.java:1050)
	at sun.net.www.protocol.https.AbstractDelegateHttpsURLConnection.connect(AbstractDelegateHttpsURLConnection.java:177)
	at sun.net.www.protocol.http.HttpURLConnection.getOutputStream0(HttpURLConnection.java:1334)
	at sun.net.www.protocol.http.HttpURLConnection.getOutputStream(HttpURLConnection.java:1309)
	at sun.net.www.protocol.https.HttpsURLConnectionImpl.getOutputStream(HttpsURLConnectionImpl.java:259)
	at com.kms.katalon.application.utils.ServerAPICommunicationUtil.sendAndReceiveData(ServerAPICommunicationUtil.java:235)
	at com.kms.katalon.application.utils.ServerAPICommunicationUtil.invoke(ServerAPICommunicationUtil.java:127)
	at com.kms.katalon.application.utils.ServerAPICommunicationUtil.post(ServerAPICommunicationUtil.java:56)
	at com.kms.katalon.tracking.service.TrackingApiService.post(TrackingApiService.java:24)
	at com.kms.katalon.tracking.service.TrackingService.sendEventPayload(TrackingService.java:55)
	at com.kms.katalon.tracking.service.TrackingService.lambda$0(TrackingService.java:39)
	at java.util.concurrent.Executors$RunnableAdapter.call(Executors.java:511)
	at java.util.concurrent.FutureTask.run(FutureTask.java:266)
	at java.util.concurrent.ThreadPoolExecutor.runWorker(ThreadPoolExecutor.java:1149)
	at java.util.concurrent.ThreadPoolExecutor$Worker.run(ThreadPoolExecutor.java:624)
	at java.lang.Thread.run(Thread.java:748)


Launcher status after execution process completed: Running
Launcher status after execution process completed: Running
Launcher status after execution process completed: Running
Launcher status after execution process completed: Running
Launcher status after execution process completed: Running
Launcher status after execution process completed: Running
Launcher status after execution process completed: Running
Launcher status after execution process completed: Running
May 20, 2021 9:33:34 PM org.openqa.selenium.remote.DesiredCapabilities chrome
INFO: Using `new ChromeOptions()` is preferred to `DesiredCapabilities.chrome()`
May 20, 2021 9:33:35 PM org.openqa.selenium.remote.ProtocolHandshake createSession
INFO: Detected dialect: W3C
Launcher status after execution process completed: Running
"Unable to create logger. Root cause (Connection refused: connect)."
Launcher status after execution process completed: Terminated
Launcher status after execution process completed: Running
Start writing execution.uuid file to folder: C:\Users\admin\Katalon Studio\My First Web UI Project\Reports\20210520_215248\Test Suite_login\20210520_215248
Start generating JUnit report folder at: C:\Users\admin\Katalon Studio\My First Web UI Project\Reports\20210520_215248\Test Suite_login\20210520_215248...
JUnit report were generated at folder: C:\Users\admin\Katalon Studio\My First Web UI Project\Reports\20210520_215248\Test Suite_login\20210520_215248
Launcher status after execution process completed: Running
Start writing execution.uuid file to folder: C:\Users\admin\Katalon Studio\My First Web UI Project\Reports\20210520_215250\Test Suite_login\20210520_215250
Start generating JUnit report folder at: C:\Users\admin\Katalon Studio\My First Web UI Project\Reports\20210520_215250\Test Suite_login\20210520_215250...
JUnit report were generated at folder: C:\Users\admin\Katalon Studio\My First Web UI Project\Reports\20210520_215250\Test Suite_login\20210520_215250
Launcher status after execution process completed: Running
Start writing execution.uuid file to folder: C:\Users\admin\Katalon Studio\My First Web UI Project\Reports\20210520_215853\Test Suite_login\20210520_215853
Start generating JUnit report folder at: C:\Users\admin\Katalon Studio\My First Web UI Project\Reports\20210520_215853\Test Suite_login\20210520_215853...
JUnit report were generated at folder: C:\Users\admin\Katalon Studio\My First Web UI Project\Reports\20210520_215853\Test Suite_login\20210520_215853
Launcher status after execution process completed: Running
Start writing execution.uuid file to folder: C:\Users\admin\Katalon Studio\My First Web UI Project\Reports\20210520_220945\Test Suite_login\20210520_220946
Start generating JUnit report folder at: C:\Users\admin\Katalon Studio\My First Web UI Project\Reports\20210520_220945\Test Suite_login\20210520_220946...
JUnit report were generated at folder: C:\Users\admin\Katalon Studio\My First Web UI Project\Reports\20210520_220945\Test Suite_login\20210520_220946
Launcher status after execution process completed: Running
Start writing execution.uuid file to folder: C:\Users\admin\Katalon Studio\My First Web UI Project\Reports\20210520_223143\Test Suite_login\20210520_223143
Start generating JUnit report folder at: C:\Users\admin\Katalon Studio\My First Web UI Project\Reports\20210520_223143\Test Suite_login\20210520_223143...
JUnit report were generated at folder: C:\Users\admin\Katalon Studio\My First Web UI Project\Reports\20210520_223143\Test Suite_login\20210520_223143

Fri May 21 09:16:12 ICT 2021
java.net.ConnectException: Connection refused: connect
	at java.net.DualStackPlainSocketImpl.connect0(Native Method)
	at java.net.DualStackPlainSocketImpl.socketConnect(DualStackPlainSocketImpl.java:79)
	at java.net.AbstractPlainSocketImpl.doConnect(AbstractPlainSocketImpl.java:350)
	at java.net.AbstractPlainSocketImpl.connectToAddress(AbstractPlainSocketImpl.java:206)
	at java.net.AbstractPlainSocketImpl.connect(AbstractPlainSocketImpl.java:188)
	at java.net.PlainSocketImpl.connect(PlainSocketImpl.java:172)
	at java.net.SocksSocketImpl.connect(SocksSocketImpl.java:392)
	at java.net.Socket.connect(Socket.java:589)
	at sun.security.ssl.SSLSocketImpl.connect(SSLSocketImpl.java:673)
	at sun.security.ssl.BaseSSLSocketImpl.connect(BaseSSLSocketImpl.java:173)
	at sun.net.NetworkClient.doConnect(NetworkClient.java:180)
	at sun.net.www.http.HttpClient.openServer(HttpClient.java:463)
	at sun.net.www.http.HttpClient.openServer(HttpClient.java:558)
	at sun.net.www.protocol.https.HttpsClient.<init>(HttpsClient.java:264)
	at sun.net.www.protocol.https.HttpsClient.New(HttpsClient.java:367)
	at sun.net.www.protocol.https.AbstractDelegateHttpsURLConnection.getNewHttpClient(AbstractDelegateHttpsURLConnection.java:191)
	at sun.net.www.protocol.http.HttpURLConnection.plainConnect0(HttpURLConnection.java:1199)
	at sun.net.www.protocol.http.HttpURLConnection.plainConnect(HttpURLConnection.java:1050)
	at sun.net.www.protocol.https.AbstractDelegateHttpsURLConnection.connect(AbstractDelegateHttpsURLConnection.java:177)
	at sun.net.www.protocol.http.HttpURLConnection.followRedirect0(HttpURLConnection.java:2716)
	at sun.net.www.protocol.http.HttpURLConnection.followRedirect(HttpURLConnection.java:2641)
	at sun.net.www.protocol.http.HttpURLConnection.getInputStream0(HttpURLConnection.java:1824)
	at sun.net.www.protocol.http.HttpURLConnection.getInputStream(HttpURLConnection.java:1492)
	at java.net.HttpURLConnection.getResponseCode(HttpURLConnection.java:480)
	at sun.net.www.protocol.https.HttpsURLConnectionImpl.getResponseCode(HttpsURLConnectionImpl.java:347)
	at com.kms.katalon.application.utils.ServerAPICommunicationUtil.sendAndReceiveData(ServerAPICommunicationUtil.java:240)
	at com.kms.katalon.application.utils.ServerAPICommunicationUtil.invoke(ServerAPICommunicationUtil.java:127)
	at com.kms.katalon.application.utils.ServerAPICommunicationUtil.post(ServerAPICommunicationUtil.java:56)
	at com.kms.katalon.tracking.service.TrackingApiService.post(TrackingApiService.java:24)
	at com.kms.katalon.tracking.service.TrackingService.sendEventPayload(TrackingService.java:55)
	at com.kms.katalon.tracking.service.TrackingService.lambda$0(TrackingService.java:39)
	at java.util.concurrent.Executors$RunnableAdapter.call(Executors.java:511)
	at java.util.concurrent.FutureTask.run(FutureTask.java:266)
	at java.util.concurrent.ThreadPoolExecutor.runWorker(ThreadPoolExecutor.java:1149)
	at java.util.concurrent.ThreadPoolExecutor$Worker.run(ThreadPoolExecutor.java:624)
	at java.lang.Thread.run(Thread.java:748)


Launcher status after execution process completed: Running
Start writing execution.uuid file to folder: C:\Users\admin\Katalon Studio\My First Web UI Project\Reports\20210522_104538\Test Suite_login\20210522_104538
Start generating JUnit report folder at: C:\Users\admin\Katalon Studio\My First Web UI Project\Reports\20210522_104538\Test Suite_login\20210522_104538...
JUnit report were generated at folder: C:\Users\admin\Katalon Studio\My First Web UI Project\Reports\20210522_104538\Test Suite_login\20210522_104538
Launcher status after execution process completed: Running
Launcher status after execution process completed: Running
Start writing execution.uuid file to folder: C:\Users\admin\Katalon Studio\My First Web UI Project\Reports\20210522_112124\Test Suite_login\20210522_112124
Start generating JUnit report folder at: C:\Users\admin\Katalon Studio\My First Web UI Project\Reports\20210522_112124\Test Suite_login\20210522_112124...
JUnit report were generated at folder: C:\Users\admin\Katalon Studio\My First Web UI Project\Reports\20210522_112124\Test Suite_login\20210522_112124
Launcher status after execution process completed: Running
Start writing execution.uuid file to folder: C:\Users\admin\Katalon Studio\My First Web UI Project\Reports\20210522_112949\Test Suite_login\20210522_112949
Start generating JUnit report folder at: C:\Users\admin\Katalon Studio\My First Web UI Project\Reports\20210522_112949\Test Suite_login\20210522_112949...
JUnit report were generated at folder: C:\Users\admin\Katalon Studio\My First Web UI Project\Reports\20210522_112949\Test Suite_login\20210522_112949
Launcher status after execution process completed: Running
Start writing execution.uuid file to folder: C:\Users\admin\Katalon Studio\My First Web UI Project\Reports\20210522_143253\Test Suite_login\20210522_143254
Start generating JUnit report folder at: C:\Users\admin\Katalon Studio\My First Web UI Project\Reports\20210522_143253\Test Suite_login\20210522_143254...
JUnit report were generated at folder: C:\Users\admin\Katalon Studio\My First Web UI Project\Reports\20210522_143253\Test Suite_login\20210522_143254
Expired License.
Expired License.

Mon May 24 14:45:56 ICT 2021
java.net.ConnectException: Connection timed out: connect
	at java.net.DualStackPlainSocketImpl.connect0(Native Method)
	at java.net.DualStackPlainSocketImpl.socketConnect(DualStackPlainSocketImpl.java:79)
	at java.net.AbstractPlainSocketImpl.doConnect(AbstractPlainSocketImpl.java:350)
	at java.net.AbstractPlainSocketImpl.connectToAddress(AbstractPlainSocketImpl.java:206)
	at java.net.AbstractPlainSocketImpl.connect(AbstractPlainSocketImpl.java:188)
	at java.net.PlainSocketImpl.connect(PlainSocketImpl.java:172)
	at java.net.SocksSocketImpl.connect(SocksSocketImpl.java:392)
	at java.net.Socket.connect(Socket.java:589)
	at sun.security.ssl.SSLSocketImpl.connect(SSLSocketImpl.java:673)
	at sun.security.ssl.BaseSSLSocketImpl.connect(BaseSSLSocketImpl.java:173)
	at sun.net.NetworkClient.doConnect(NetworkClient.java:180)
	at sun.net.www.http.HttpClient.openServer(HttpClient.java:463)
	at sun.net.www.http.HttpClient.openServer(HttpClient.java:558)
	at sun.net.www.protocol.https.HttpsClient.<init>(HttpsClient.java:264)
	at sun.net.www.protocol.https.HttpsClient.New(HttpsClient.java:367)
	at sun.net.www.protocol.https.AbstractDelegateHttpsURLConnection.getNewHttpClient(AbstractDelegateHttpsURLConnection.java:191)
	at sun.net.www.protocol.http.HttpURLConnection.plainConnect0(HttpURLConnection.java:1199)
	at sun.net.www.protocol.http.HttpURLConnection.plainConnect(HttpURLConnection.java:1050)
	at sun.net.www.protocol.https.AbstractDelegateHttpsURLConnection.connect(AbstractDelegateHttpsURLConnection.java:177)
	at sun.net.www.protocol.http.HttpURLConnection.getOutputStream0(HttpURLConnection.java:1334)
	at sun.net.www.protocol.http.HttpURLConnection.getOutputStream(HttpURLConnection.java:1309)
	at sun.net.www.protocol.https.HttpsURLConnectionImpl.getOutputStream(HttpsURLConnectionImpl.java:259)
	at com.kms.katalon.application.utils.ServerAPICommunicationUtil.sendAndReceiveData(ServerAPICommunicationUtil.java:235)
	at com.kms.katalon.application.utils.ServerAPICommunicationUtil.invoke(ServerAPICommunicationUtil.java:127)
	at com.kms.katalon.application.utils.ServerAPICommunicationUtil.post(ServerAPICommunicationUtil.java:56)
	at com.kms.katalon.tracking.service.TrackingApiService.post(TrackingApiService.java:24)
	at com.kms.katalon.tracking.service.TrackingService.sendEventPayload(TrackingService.java:55)
	at com.kms.katalon.tracking.service.TrackingService.lambda$0(TrackingService.java:39)
	at java.util.concurrent.Executors$RunnableAdapter.call(Executors.java:511)
	at java.util.concurrent.FutureTask.run(FutureTask.java:266)
	at java.util.concurrent.ThreadPoolExecutor.runWorker(ThreadPoolExecutor.java:1149)
	at java.util.concurrent.ThreadPoolExecutor$Worker.run(ThreadPoolExecutor.java:624)
	at java.lang.Thread.run(Thread.java:748)


Launcher status after execution process completed: Running
Start writing execution.uuid file to folder: C:\Users\admin\Katalon Studio\My First Web UI Project\Reports\20210524_171613\Test Suite_login\20210524_171613
Start generating JUnit report folder at: C:\Users\admin\Katalon Studio\My First Web UI Project\Reports\20210524_171613\Test Suite_login\20210524_171613...
JUnit report were generated at folder: C:\Users\admin\Katalon Studio\My First Web UI Project\Reports\20210524_171613\Test Suite_login\20210524_171613
Launcher status after execution process completed: Running

Mon May 24 20:03:10 ICT 2021
java.net.UnknownHostException: update.katalon.com
	at java.net.AbstractPlainSocketImpl.connect(AbstractPlainSocketImpl.java:184)
	at java.net.PlainSocketImpl.connect(PlainSocketImpl.java:172)
	at java.net.SocksSocketImpl.connect(SocksSocketImpl.java:392)
	at java.net.Socket.connect(Socket.java:589)
	at sun.security.ssl.SSLSocketImpl.connect(SSLSocketImpl.java:673)
	at sun.security.ssl.BaseSSLSocketImpl.connect(BaseSSLSocketImpl.java:173)
	at sun.net.NetworkClient.doConnect(NetworkClient.java:180)
	at sun.net.www.http.HttpClient.openServer(HttpClient.java:463)
	at sun.net.www.http.HttpClient.openServer(HttpClient.java:558)
	at sun.net.www.protocol.https.HttpsClient.<init>(HttpsClient.java:264)
	at sun.net.www.protocol.https.HttpsClient.New(HttpsClient.java:367)
	at sun.net.www.protocol.https.AbstractDelegateHttpsURLConnection.getNewHttpClient(AbstractDelegateHttpsURLConnection.java:191)
	at sun.net.www.protocol.http.HttpURLConnection.plainConnect0(HttpURLConnection.java:1199)
	at sun.net.www.protocol.http.HttpURLConnection.plainConnect(HttpURLConnection.java:1050)
	at sun.net.www.protocol.https.AbstractDelegateHttpsURLConnection.connect(AbstractDelegateHttpsURLConnection.java:177)
	at sun.net.www.protocol.http.HttpURLConnection.getOutputStream0(HttpURLConnection.java:1334)
	at sun.net.www.protocol.http.HttpURLConnection.getOutputStream(HttpURLConnection.java:1309)
	at sun.net.www.protocol.https.HttpsURLConnectionImpl.getOutputStream(HttpsURLConnectionImpl.java:259)
	at com.kms.katalon.application.utils.ServerAPICommunicationUtil.sendAndReceiveData(ServerAPICommunicationUtil.java:235)
	at com.kms.katalon.application.utils.ServerAPICommunicationUtil.invoke(ServerAPICommunicationUtil.java:127)
	at com.kms.katalon.application.utils.ServerAPICommunicationUtil.post(ServerAPICommunicationUtil.java:56)
	at com.kms.katalon.tracking.service.TrackingApiService.post(TrackingApiService.java:24)
	at com.kms.katalon.tracking.service.TrackingService.sendEventPayload(TrackingService.java:55)
	at com.kms.katalon.tracking.service.TrackingService.lambda$0(TrackingService.java:39)
	at java.util.concurrent.Executors$RunnableAdapter.call(Executors.java:511)
	at java.util.concurrent.FutureTask.run(FutureTask.java:266)
	at java.util.concurrent.ThreadPoolExecutor.runWorker(ThreadPoolExecutor.java:1149)
	at java.util.concurrent.ThreadPoolExecutor$Worker.run(ThreadPoolExecutor.java:624)
	at java.lang.Thread.run(Thread.java:748)



Mon May 24 20:23:03 ICT 2021
java.net.UnknownHostException: update.katalon.com
	at java.net.AbstractPlainSocketImpl.connect(AbstractPlainSocketImpl.java:184)
	at java.net.PlainSocketImpl.connect(PlainSocketImpl.java:172)
	at java.net.SocksSocketImpl.connect(SocksSocketImpl.java:392)
	at java.net.Socket.connect(Socket.java:589)
	at sun.security.ssl.SSLSocketImpl.connect(SSLSocketImpl.java:673)
	at sun.security.ssl.BaseSSLSocketImpl.connect(BaseSSLSocketImpl.java:173)
	at sun.net.NetworkClient.doConnect(NetworkClient.java:180)
	at sun.net.www.http.HttpClient.openServer(HttpClient.java:463)
	at sun.net.www.http.HttpClient.openServer(HttpClient.java:558)
	at sun.net.www.protocol.https.HttpsClient.<init>(HttpsClient.java:264)
	at sun.net.www.protocol.https.HttpsClient.New(HttpsClient.java:367)
	at sun.net.www.protocol.https.AbstractDelegateHttpsURLConnection.getNewHttpClient(AbstractDelegateHttpsURLConnection.java:191)
	at sun.net.www.protocol.http.HttpURLConnection.plainConnect0(HttpURLConnection.java:1199)
	at sun.net.www.protocol.http.HttpURLConnection.plainConnect(HttpURLConnection.java:1050)
	at sun.net.www.protocol.https.AbstractDelegateHttpsURLConnection.connect(AbstractDelegateHttpsURLConnection.java:177)
	at sun.net.www.protocol.http.HttpURLConnection.getOutputStream0(HttpURLConnection.java:1334)
	at sun.net.www.protocol.http.HttpURLConnection.getOutputStream(HttpURLConnection.java:1309)
	at sun.net.www.protocol.https.HttpsURLConnectionImpl.getOutputStream(HttpsURLConnectionImpl.java:259)
	at com.kms.katalon.application.utils.ServerAPICommunicationUtil.sendAndReceiveData(ServerAPICommunicationUtil.java:235)
	at com.kms.katalon.application.utils.ServerAPICommunicationUtil.invoke(ServerAPICommunicationUtil.java:127)
	at com.kms.katalon.application.utils.ServerAPICommunicationUtil.post(ServerAPICommunicationUtil.java:56)
	at com.kms.katalon.tracking.service.TrackingApiService.post(TrackingApiService.java:24)
	at com.kms.katalon.tracking.service.TrackingService.sendEventPayload(TrackingService.java:55)
	at com.kms.katalon.tracking.service.TrackingService.lambda$0(TrackingService.java:39)
	at java.util.concurrent.Executors$RunnableAdapter.call(Executors.java:511)
	at java.util.concurrent.FutureTask.run(FutureTask.java:266)
	at java.util.concurrent.ThreadPoolExecutor.runWorker(ThreadPoolExecutor.java:1149)
	at java.util.concurrent.ThreadPoolExecutor$Worker.run(ThreadPoolExecutor.java:624)
	at java.lang.Thread.run(Thread.java:748)


All launchers terminated
WebView Server has been started on port 54894
Start clean up session
End check license task
End clean up session
Start release license task

Mon May 24 20:23:05 ICT 2021
com.kms.katalon.integration.analytics.exceptions.AnalyticsApiExeception: java.net.UnknownHostException: analytics.katalon.com
	at com.kms.katalon.integration.analytics.exceptions.AnalyticsApiExeception.wrap(AnalyticsApiExeception.java:23)
	at com.kms.katalon.integration.analytics.providers.AnalyticsApiProvider.requestToken(AnalyticsApiProvider.java:152)
	at com.kms.katalon.integration.analytics.providers.TestOpsFeatureActivatorImpl.connect(TestOpsFeatureActivatorImpl.java:41)
	at com.kms.katalon.application.utils.ActivationInfoCollector.releaseLicense(ActivationInfoCollector.java:712)
	at com.kms.katalon.core.application.ApplicationWorkbenchWindowAdvisor.postWindowClose(ApplicationWorkbenchWindowAdvisor.java:84)
	at org.eclipse.ui.internal.WorkbenchWindow.fireWindowClosed(WorkbenchWindow.java:1830)
	at org.eclipse.ui.internal.WorkbenchWindow.hardClose(WorkbenchWindow.java:2143)
	at org.eclipse.ui.internal.WorkbenchWindow.busyClose(WorkbenchWindow.java:1748)
	at org.eclipse.ui.internal.WorkbenchWindow.lambda$3(WorkbenchWindow.java:1773)
	at org.eclipse.swt.custom.BusyIndicator.showWhile(BusyIndicator.java:72)
	at org.eclipse.ui.internal.WorkbenchWindow.close(WorkbenchWindow.java:1773)
	at org.eclipse.ui.internal.Workbench$11.run(Workbench.java:1142)
	at org.eclipse.core.runtime.SafeRunner.run(SafeRunner.java:45)
	at org.eclipse.ui.internal.Workbench.busyClose(Workbench.java:1125)
	at org.eclipse.ui.internal.Workbench.lambda$4(Workbench.java:1426)
	at org.eclipse.swt.custom.BusyIndicator.showWhile(BusyIndicator.java:72)
	at org.eclipse.ui.internal.Workbench.close(Workbench.java:1426)
	at org.eclipse.ui.internal.Workbench.close(Workbench.java:1402)
	at com.kms.katalon.composer.handlers.QuitHandler.openConfirmMessageDialog(QuitHandler.java:70)
	at sun.reflect.NativeMethodAccessorImpl.invoke0(Native Method)
	at sun.reflect.NativeMethodAccessorImpl.invoke(NativeMethodAccessorImpl.java:62)
	at sun.reflect.DelegatingMethodAccessorImpl.invoke(DelegatingMethodAccessorImpl.java:43)
	at java.lang.reflect.Method.invoke(Method.java:498)
	at org.eclipse.e4.core.internal.di.MethodRequestor.execute(MethodRequestor.java:58)
	at org.eclipse.e4.core.internal.di.InjectorImpl.invokeUsingClass(InjectorImpl.java:319)
	at org.eclipse.e4.core.internal.di.InjectorImpl.invoke(InjectorImpl.java:253)
	at org.eclipse.e4.core.contexts.ContextInjectionFactory.invoke(ContextInjectionFactory.java:173)
	at org.eclipse.e4.core.commands.internal.HandlerServiceHandler.execute(HandlerServiceHandler.java:156)
	at org.eclipse.core.commands.Command.executeWithChecks(Command.java:488)
	at org.eclipse.core.commands.ParameterizedCommand.executeWithChecks(ParameterizedCommand.java:487)
	at org.eclipse.e4.core.commands.internal.HandlerServiceImpl.executeHandler(HandlerServiceImpl.java:213)
	at org.eclipse.ui.internal.handlers.LegacyHandlerService.executeCommand(LegacyHandlerService.java:389)
	at org.eclipse.ui.internal.handlers.LegacyHandlerService.executeCommand(LegacyHandlerService.java:366)
	at com.kms.katalon.core.application.ApplicationWorkbenchWindowAdvisor.preWindowShellClose(ApplicationWorkbenchWindowAdvisor.java:96)
	at org.eclipse.ui.internal.WorkbenchWindow$3.close(WorkbenchWindow.java:523)
	at org.eclipse.e4.ui.workbench.renderers.swt.WBWRenderer.lambda$4(WBWRenderer.java:578)
	at org.eclipse.swt.events.ShellListener$2.shellClosed(ShellListener.java:102)
	at org.eclipse.swt.widgets.TypedListener.handleEvent(TypedListener.java:102)
	at org.eclipse.swt.widgets.EventTable.sendEvent(EventTable.java:89)
	at org.eclipse.swt.widgets.Display.sendEvent(Display.java:4213)
	at org.eclipse.swt.widgets.Widget.sendEvent(Widget.java:1037)
	at org.eclipse.swt.widgets.Widget.sendEvent(Widget.java:1061)
	at org.eclipse.swt.widgets.Widget.sendEvent(Widget.java:1046)
	at org.eclipse.swt.widgets.Decorations.closeWidget(Decorations.java:269)
	at org.eclipse.swt.widgets.Decorations.WM_CLOSE(Decorations.java:1552)
	at org.eclipse.swt.widgets.Control.windowProc(Control.java:4742)
	at org.eclipse.swt.widgets.Canvas.windowProc(Canvas.java:340)
	at org.eclipse.swt.widgets.Decorations.windowProc(Decorations.java:1480)
	at org.eclipse.swt.widgets.Shell.windowProc(Shell.java:2142)
	at org.eclipse.swt.widgets.Display.windowProc(Display.java:4923)
	at org.eclipse.swt.internal.win32.OS.DefWindowProc(Native Method)
	at org.eclipse.swt.widgets.Shell.callWindowProc(Shell.java:508)
	at org.eclipse.swt.widgets.Control.windowProc(Control.java:4841)
	at org.eclipse.swt.widgets.Canvas.windowProc(Canvas.java:340)
	at org.eclipse.swt.widgets.Decorations.windowProc(Decorations.java:1480)
	at org.eclipse.swt.widgets.Shell.windowProc(Shell.java:2142)
	at org.eclipse.swt.widgets.Display.windowProc(Display.java:4923)
	at org.eclipse.swt.internal.win32.OS.DefWindowProc(Native Method)
	at org.eclipse.swt.widgets.Shell.callWindowProc(Shell.java:508)
	at org.eclipse.swt.widgets.Control.windowProc(Control.java:4841)
	at org.eclipse.swt.widgets.Canvas.windowProc(Canvas.java:340)
	at org.eclipse.swt.widgets.Decorations.windowProc(Decorations.java:1480)
	at org.eclipse.swt.widgets.Shell.windowProc(Shell.java:2142)
	at org.eclipse.swt.widgets.Display.windowProc(Display.java:4923)
	at org.eclipse.swt.internal.win32.OS.DispatchMessage(Native Method)
	at org.eclipse.swt.widgets.Display.readAndDispatch(Display.java:3628)
	at org.eclipse.jface.window.Window.runEventLoop(Window.java:823)
	at org.eclipse.jface.window.Window.open(Window.java:799)
	at com.kms.katalon.composer.webui.recorder.handler.RecordHandler.execute(RecordHandler.java:147)
	at sun.reflect.NativeMethodAccessorImpl.invoke0(Native Method)
	at sun.reflect.NativeMethodAccessorImpl.invoke(NativeMethodAccessorImpl.java:62)
	at sun.reflect.DelegatingMethodAccessorImpl.invoke(DelegatingMethodAccessorImpl.java:43)
	at java.lang.reflect.Method.invoke(Method.java:498)
	at org.eclipse.e4.core.internal.di.MethodRequestor.execute(MethodRequestor.java:58)
	at org.eclipse.e4.core.internal.di.InjectorImpl.invokeUsingClass(InjectorImpl.java:319)
	at org.eclipse.e4.core.internal.di.InjectorImpl.invoke(InjectorImpl.java:253)
	at org.eclipse.e4.core.contexts.ContextInjectionFactory.invoke(ContextInjectionFactory.java:173)
	at org.eclipse.e4.core.commands.internal.HandlerServiceHandler.execute(HandlerServiceHandler.java:156)
	at org.eclipse.core.commands.Command.executeWithChecks(Command.java:488)
	at org.eclipse.core.commands.ParameterizedCommand.executeWithChecks(ParameterizedCommand.java:487)
	at org.eclipse.e4.core.commands.internal.HandlerServiceImpl.executeHandler(HandlerServiceImpl.java:213)
	at org.eclipse.e4.ui.workbench.renderers.swt.HandledContributionItem.executeItem(HandledContributionItem.java:438)
	at org.eclipse.e4.ui.workbench.renderers.swt.AbstractContributionItem.handleWidgetSelection(AbstractContributionItem.java:449)
	at org.eclipse.e4.ui.workbench.renderers.swt.AbstractContributionItem.lambda$2(AbstractContributionItem.java:475)
	at org.eclipse.swt.widgets.EventTable.sendEvent(EventTable.java:89)
	at org.eclipse.swt.widgets.Display.sendEvent(Display.java:4213)
	at org.eclipse.swt.widgets.Widget.sendEvent(Widget.java:1037)
	at org.eclipse.swt.widgets.Display.runDeferredEvents(Display.java:4030)
	at org.eclipse.swt.widgets.Display.readAndDispatch(Display.java:3630)
	at org.eclipse.e4.ui.internal.workbench.swt.PartRenderingEngine$5.run(PartRenderingEngine.java:1158)
	at org.eclipse.core.databinding.observable.Realm.runWithDefault(Realm.java:338)
	at org.eclipse.e4.ui.internal.workbench.swt.PartRenderingEngine.run(PartRenderingEngine.java:1047)
	at org.eclipse.e4.ui.internal.workbench.E4Workbench.createAndRunUI(E4Workbench.java:155)
	at org.eclipse.ui.internal.Workbench.lambda$3(Workbench.java:658)
	at org.eclipse.core.databinding.observable.Realm.runWithDefault(Realm.java:338)
	at org.eclipse.ui.internal.Workbench.createAndRunWorkbench(Workbench.java:557)
	at org.eclipse.ui.PlatformUI.createAndRunWorkbench(PlatformUI.java:154)
	at com.kms.katalon.core.application.WorkbenchApplicationStarter.start(WorkbenchApplicationStarter.java:23)
	at com.kms.katalon.application.Application.runGUI(Application.java:191)
	at com.kms.katalon.application.Application.start(Application.java:102)
	at org.eclipse.equinox.internal.app.EclipseAppHandle.run(EclipseAppHandle.java:203)
	at org.eclipse.core.runtime.internal.adaptor.EclipseAppLauncher.runApplication(EclipseAppLauncher.java:137)
	at org.eclipse.core.runtime.internal.adaptor.EclipseAppLauncher.start(EclipseAppLauncher.java:107)
	at org.eclipse.core.runtime.adaptor.EclipseStarter.run(EclipseStarter.java:401)
	at org.eclipse.core.runtime.adaptor.EclipseStarter.run(EclipseStarter.java:255)
	at sun.reflect.NativeMethodAccessorImpl.invoke0(Native Method)
	at sun.reflect.NativeMethodAccessorImpl.invoke(NativeMethodAccessorImpl.java:62)
	at sun.reflect.DelegatingMethodAccessorImpl.invoke(DelegatingMethodAccessorImpl.java:43)
	at java.lang.reflect.Method.invoke(Method.java:498)
	at org.eclipse.equinox.launcher.Main.invokeFramework(Main.java:657)
	at org.eclipse.equinox.launcher.Main.basicRun(Main.java:594)
	at org.eclipse.equinox.launcher.Main.run(Main.java:1447)
Caused by: java.net.UnknownHostException: analytics.katalon.com
	at java.net.Inet6AddressImpl.lookupAllHostAddr(Native Method)
	at java.net.InetAddress$2.lookupAllHostAddr(InetAddress.java:928)
	at java.net.InetAddress.getAddressesFromNameService(InetAddress.java:1323)
	at java.net.InetAddress.getAllByName0(InetAddress.java:1276)
	at java.net.InetAddress.getAllByName(InetAddress.java:1192)
	at java.net.InetAddress.getAllByName(InetAddress.java:1126)
	at org.apache.http.impl.conn.SystemDefaultDnsResolver.resolve(SystemDefaultDnsResolver.java:45)
	at org.apache.http.impl.conn.DefaultHttpClientConnectionOperator.connect(DefaultHttpClientConnectionOperator.java:112)
	at org.apache.http.impl.conn.PoolingHttpClientConnectionManager.connect(PoolingHttpClientConnectionManager.java:374)
	at org.apache.http.impl.execchain.MainClientExec.establishRoute(MainClientExec.java:393)
	at org.apache.http.impl.execchain.MainClientExec.execute(MainClientExec.java:236)
	at org.apache.http.impl.execchain.ProtocolExec.execute(ProtocolExec.java:186)
	at org.apache.http.impl.execchain.RetryExec.execute(RetryExec.java:89)
	at org.apache.http.impl.execchain.RedirectExec.execute(RedirectExec.java:110)
	at org.apache.http.impl.client.InternalHttpClient.doExecute(InternalHttpClient.java:185)
	at org.apache.http.impl.client.CloseableHttpClient.execute(CloseableHttpClient.java:83)
	at org.apache.http.impl.client.CloseableHttpClient.execute(CloseableHttpClient.java:108)
	at org.apache.http.impl.client.CloseableHttpClient.execute(CloseableHttpClient.java:56)
	at com.kms.katalon.integration.analytics.providers.AnalyticsApiProvider.executeRequest(AnalyticsApiProvider.java:646)
	at com.kms.katalon.integration.analytics.providers.AnalyticsApiProvider.executeRequest(AnalyticsApiProvider.java:675)
	at com.kms.katalon.integration.analytics.providers.AnalyticsApiProvider.requestToken(AnalyticsApiProvider.java:150)
	... 110 more



Mon May 24 20:23:05 ICT 2021
Error when release license
com.kms.katalon.integration.analytics.exceptions.AnalyticsApiExeception: java.net.UnknownHostException: analytics.katalon.com
	at com.kms.katalon.integration.analytics.exceptions.AnalyticsApiExeception.wrap(AnalyticsApiExeception.java:23)
	at com.kms.katalon.integration.analytics.providers.AnalyticsApiProvider.requestToken(AnalyticsApiProvider.java:152)
	at com.kms.katalon.integration.analytics.providers.TestOpsFeatureActivatorImpl.connect(TestOpsFeatureActivatorImpl.java:41)
	at com.kms.katalon.application.utils.ActivationInfoCollector.releaseLicense(ActivationInfoCollector.java:712)
	at com.kms.katalon.core.application.ApplicationWorkbenchWindowAdvisor.postWindowClose(ApplicationWorkbenchWindowAdvisor.java:84)
	at org.eclipse.ui.internal.WorkbenchWindow.fireWindowClosed(WorkbenchWindow.java:1830)
	at org.eclipse.ui.internal.WorkbenchWindow.hardClose(WorkbenchWindow.java:2143)
	at org.eclipse.ui.internal.WorkbenchWindow.busyClose(WorkbenchWindow.java:1748)
	at org.eclipse.ui.internal.WorkbenchWindow.lambda$3(WorkbenchWindow.java:1773)
	at org.eclipse.swt.custom.BusyIndicator.showWhile(BusyIndicator.java:72)
	at org.eclipse.ui.internal.WorkbenchWindow.close(WorkbenchWindow.java:1773)
	at org.eclipse.ui.internal.Workbench$11.run(Workbench.java:1142)
	at org.eclipse.core.runtime.SafeRunner.run(SafeRunner.java:45)
	at org.eclipse.ui.internal.Workbench.busyClose(Workbench.java:1125)
	at org.eclipse.ui.internal.Workbench.lambda$4(Workbench.java:1426)
	at org.eclipse.swt.custom.BusyIndicator.showWhile(BusyIndicator.java:72)
	at org.eclipse.ui.internal.Workbench.close(Workbench.java:1426)
	at org.eclipse.ui.internal.Workbench.close(Workbench.java:1402)
	at com.kms.katalon.composer.handlers.QuitHandler.openConfirmMessageDialog(QuitHandler.java:70)
	at sun.reflect.NativeMethodAccessorImpl.invoke0(Native Method)
	at sun.reflect.NativeMethodAccessorImpl.invoke(NativeMethodAccessorImpl.java:62)
	at sun.reflect.DelegatingMethodAccessorImpl.invoke(DelegatingMethodAccessorImpl.java:43)
	at java.lang.reflect.Method.invoke(Method.java:498)
	at org.eclipse.e4.core.internal.di.MethodRequestor.execute(MethodRequestor.java:58)
	at org.eclipse.e4.core.internal.di.InjectorImpl.invokeUsingClass(InjectorImpl.java:319)
	at org.eclipse.e4.core.internal.di.InjectorImpl.invoke(InjectorImpl.java:253)
	at org.eclipse.e4.core.contexts.ContextInjectionFactory.invoke(ContextInjectionFactory.java:173)
	at org.eclipse.e4.core.commands.internal.HandlerServiceHandler.execute(HandlerServiceHandler.java:156)
	at org.eclipse.core.commands.Command.executeWithChecks(Command.java:488)
	at org.eclipse.core.commands.ParameterizedCommand.executeWithChecks(ParameterizedCommand.java:487)
	at org.eclipse.e4.core.commands.internal.HandlerServiceImpl.executeHandler(HandlerServiceImpl.java:213)
	at org.eclipse.ui.internal.handlers.LegacyHandlerService.executeCommand(LegacyHandlerService.java:389)
	at org.eclipse.ui.internal.handlers.LegacyHandlerService.executeCommand(LegacyHandlerService.java:366)
	at com.kms.katalon.core.application.ApplicationWorkbenchWindowAdvisor.preWindowShellClose(ApplicationWorkbenchWindowAdvisor.java:96)
	at org.eclipse.ui.internal.WorkbenchWindow$3.close(WorkbenchWindow.java:523)
	at org.eclipse.e4.ui.workbench.renderers.swt.WBWRenderer.lambda$4(WBWRenderer.java:578)
	at org.eclipse.swt.events.ShellListener$2.shellClosed(ShellListener.java:102)
	at org.eclipse.swt.widgets.TypedListener.handleEvent(TypedListener.java:102)
	at org.eclipse.swt.widgets.EventTable.sendEvent(EventTable.java:89)
	at org.eclipse.swt.widgets.Display.sendEvent(Display.java:4213)
	at org.eclipse.swt.widgets.Widget.sendEvent(Widget.java:1037)
	at org.eclipse.swt.widgets.Widget.sendEvent(Widget.java:1061)
	at org.eclipse.swt.widgets.Widget.sendEvent(Widget.java:1046)
	at org.eclipse.swt.widgets.Decorations.closeWidget(Decorations.java:269)
	at org.eclipse.swt.widgets.Decorations.WM_CLOSE(Decorations.java:1552)
	at org.eclipse.swt.widgets.Control.windowProc(Control.java:4742)
	at org.eclipse.swt.widgets.Canvas.windowProc(Canvas.java:340)
	at org.eclipse.swt.widgets.Decorations.windowProc(Decorations.java:1480)
	at org.eclipse.swt.widgets.Shell.windowProc(Shell.java:2142)
	at org.eclipse.swt.widgets.Display.windowProc(Display.java:4923)
	at org.eclipse.swt.internal.win32.OS.DefWindowProc(Native Method)
	at org.eclipse.swt.widgets.Shell.callWindowProc(Shell.java:508)
	at org.eclipse.swt.widgets.Control.windowProc(Control.java:4841)
	at org.eclipse.swt.widgets.Canvas.windowProc(Canvas.java:340)
	at org.eclipse.swt.widgets.Decorations.windowProc(Decorations.java:1480)
	at org.eclipse.swt.widgets.Shell.windowProc(Shell.java:2142)
	at org.eclipse.swt.widgets.Display.windowProc(Display.java:4923)
	at org.eclipse.swt.internal.win32.OS.DefWindowProc(Native Method)
	at org.eclipse.swt.widgets.Shell.callWindowProc(Shell.java:508)
	at org.eclipse.swt.widgets.Control.windowProc(Control.java:4841)
	at org.eclipse.swt.widgets.Canvas.windowProc(Canvas.java:340)
	at org.eclipse.swt.widgets.Decorations.windowProc(Decorations.java:1480)
	at org.eclipse.swt.widgets.Shell.windowProc(Shell.java:2142)
	at org.eclipse.swt.widgets.Display.windowProc(Display.java:4923)
	at org.eclipse.swt.internal.win32.OS.DispatchMessage(Native Method)
	at org.eclipse.swt.widgets.Display.readAndDispatch(Display.java:3628)
	at org.eclipse.jface.window.Window.runEventLoop(Window.java:823)
	at org.eclipse.jface.window.Window.open(Window.java:799)
	at com.kms.katalon.composer.webui.recorder.handler.RecordHandler.execute(RecordHandler.java:147)
	at sun.reflect.NativeMethodAccessorImpl.invoke0(Native Method)
	at sun.reflect.NativeMethodAccessorImpl.invoke(NativeMethodAccessorImpl.java:62)
	at sun.reflect.DelegatingMethodAccessorImpl.invoke(DelegatingMethodAccessorImpl.java:43)
	at java.lang.reflect.Method.invoke(Method.java:498)
	at org.eclipse.e4.core.internal.di.MethodRequestor.execute(MethodRequestor.java:58)
	at org.eclipse.e4.core.internal.di.InjectorImpl.invokeUsingClass(InjectorImpl.java:319)
	at org.eclipse.e4.core.internal.di.InjectorImpl.invoke(InjectorImpl.java:253)
	at org.eclipse.e4.core.contexts.ContextInjectionFactory.invoke(ContextInjectionFactory.java:173)
	at org.eclipse.e4.core.commands.internal.HandlerServiceHandler.execute(HandlerServiceHandler.java:156)
	at org.eclipse.core.commands.Command.executeWithChecks(Command.java:488)
	at org.eclipse.core.commands.ParameterizedCommand.executeWithChecks(ParameterizedCommand.java:487)
	at org.eclipse.e4.core.commands.internal.HandlerServiceImpl.executeHandler(HandlerServiceImpl.java:213)
	at org.eclipse.e4.ui.workbench.renderers.swt.HandledContributionItem.executeItem(HandledContributionItem.java:438)
	at org.eclipse.e4.ui.workbench.renderers.swt.AbstractContributionItem.handleWidgetSelection(AbstractContributionItem.java:449)
	at org.eclipse.e4.ui.workbench.renderers.swt.AbstractContributionItem.lambda$2(AbstractContributionItem.java:475)
	at org.eclipse.swt.widgets.EventTable.sendEvent(EventTable.java:89)
	at org.eclipse.swt.widgets.Display.sendEvent(Display.java:4213)
	at org.eclipse.swt.widgets.Widget.sendEvent(Widget.java:1037)
	at org.eclipse.swt.widgets.Display.runDeferredEvents(Display.java:4030)
	at org.eclipse.swt.widgets.Display.readAndDispatch(Display.java:3630)
	at org.eclipse.e4.ui.internal.workbench.swt.PartRenderingEngine$5.run(PartRenderingEngine.java:1158)
	at org.eclipse.core.databinding.observable.Realm.runWithDefault(Realm.java:338)
	at org.eclipse.e4.ui.internal.workbench.swt.PartRenderingEngine.run(PartRenderingEngine.java:1047)
	at org.eclipse.e4.ui.internal.workbench.E4Workbench.createAndRunUI(E4Workbench.java:155)
	at org.eclipse.ui.internal.Workbench.lambda$3(Workbench.java:658)
	at org.eclipse.core.databinding.observable.Realm.runWithDefault(Realm.java:338)
	at org.eclipse.ui.internal.Workbench.createAndRunWorkbench(Workbench.java:557)
	at org.eclipse.ui.PlatformUI.createAndRunWorkbench(PlatformUI.java:154)
	at com.kms.katalon.core.application.WorkbenchApplicationStarter.start(WorkbenchApplicationStarter.java:23)
	at com.kms.katalon.application.Application.runGUI(Application.java:191)
	at com.kms.katalon.application.Application.start(Application.java:102)
	at org.eclipse.equinox.internal.app.EclipseAppHandle.run(EclipseAppHandle.java:203)
	at org.eclipse.core.runtime.internal.adaptor.EclipseAppLauncher.runApplication(EclipseAppLauncher.java:137)
	at org.eclipse.core.runtime.internal.adaptor.EclipseAppLauncher.start(EclipseAppLauncher.java:107)
	at org.eclipse.core.runtime.adaptor.EclipseStarter.run(EclipseStarter.java:401)
	at org.eclipse.core.runtime.adaptor.EclipseStarter.run(EclipseStarter.java:255)
	at sun.reflect.NativeMethodAccessorImpl.invoke0(Native Method)
	at sun.reflect.NativeMethodAccessorImpl.invoke(NativeMethodAccessorImpl.java:62)
	at sun.reflect.DelegatingMethodAccessorImpl.invoke(DelegatingMethodAccessorImpl.java:43)
	at java.lang.reflect.Method.invoke(Method.java:498)
	at org.eclipse.equinox.launcher.Main.invokeFramework(Main.java:657)
	at org.eclipse.equinox.launcher.Main.basicRun(Main.java:594)
	at org.eclipse.equinox.launcher.Main.run(Main.java:1447)
Caused by: java.net.UnknownHostException: analytics.katalon.com
	at java.net.Inet6AddressImpl.lookupAllHostAddr(Native Method)
	at java.net.InetAddress$2.lookupAllHostAddr(InetAddress.java:928)
	at java.net.InetAddress.getAddressesFromNameService(InetAddress.java:1323)
	at java.net.InetAddress.getAllByName0(InetAddress.java:1276)
	at java.net.InetAddress.getAllByName(InetAddress.java:1192)
	at java.net.InetAddress.getAllByName(InetAddress.java:1126)
	at org.apache.http.impl.conn.SystemDefaultDnsResolver.resolve(SystemDefaultDnsResolver.java:45)
	at org.apache.http.impl.conn.DefaultHttpClientConnectionOperator.connect(DefaultHttpClientConnectionOperator.java:112)
	at org.apache.http.impl.conn.PoolingHttpClientConnectionManager.connect(PoolingHttpClientConnectionManager.java:374)
	at org.apache.http.impl.execchain.MainClientExec.establishRoute(MainClientExec.java:393)
	at org.apache.http.impl.execchain.MainClientExec.execute(MainClientExec.java:236)
	at org.apache.http.impl.execchain.ProtocolExec.execute(ProtocolExec.java:186)
	at org.apache.http.impl.execchain.RetryExec.execute(RetryExec.java:89)
	at org.apache.http.impl.execchain.RedirectExec.execute(RedirectExec.java:110)
	at org.apache.http.impl.client.InternalHttpClient.doExecute(InternalHttpClient.java:185)
	at org.apache.http.impl.client.CloseableHttpClient.execute(CloseableHttpClient.java:83)
	at org.apache.http.impl.client.CloseableHttpClient.execute(CloseableHttpClient.java:108)
	at org.apache.http.impl.client.CloseableHttpClient.execute(CloseableHttpClient.java:56)
	at com.kms.katalon.integration.analytics.providers.AnalyticsApiProvider.executeRequest(AnalyticsApiProvider.java:646)
	at com.kms.katalon.integration.analytics.providers.AnalyticsApiProvider.executeRequest(AnalyticsApiProvider.java:675)
	at com.kms.katalon.integration.analytics.providers.AnalyticsApiProvider.requestToken(AnalyticsApiProvider.java:150)
	... 110 more


