Not a valid list position.
Could not find element with Id 'katalon.composer.objectrepository.handledmenuitem.spyweb'
Could not find element with Id 'com.kms.katalon.composer.mobile.dynamicmenucontribution.ios'
Could not find element with Id 'com.kms.katalon.composer.mobile.dynamicmenucontribution.ios'
Warning: NLS unused message: Key in: com.kms.katalon.composer.project.constants.composerProjectMessages
Warning: NLS unused message: Key in: com.kms.katalon.composer.testcase.constants.composerTestcaseMessages
Warning: NLS missing message: BTN_ADDTESTSUITE in: com.kms.katalon.composer.testcase.constants.composerTestcaseMessages
Warning: NLS unused message: PA_LBL_CREATED_DATE in: com.kms.katalon.composer.testsuite.constants.composerTestsuiteMessages
Warning: NLS unused message: PA_LBL_LAST_UPDATED in: com.kms.katalon.composer.testsuite.constants.composerTestsuiteMessages
Warning: NLS unused message: Key in: com.kms.katalon.composer.objectrepository.constant.composerObjectRepositoryMessages
Warning: NLS missing message: OFFLINE_ACTIVATION in: com.kms.katalon.constants.messages
Warning: NLS missing message: ENTERPRISE_TRIAL_LICENSE in: com.kms.katalon.constants.messages
Warning: NLS missing message: ActivationDialogV2_LBL_ENTERPRISE_LICENSE in: com.kms.katalon.constants.messages
Warning: NLS missing message: DIALOG_TITLE_FIRST_TIME_USE_SURVEY in: com.kms.katalon.constants.messages
Warning: NLS missing message: BTN_YES_CONTINUE_USE in: com.kms.katalon.constants.messages
Warning: NLS missing message: BTN_NO_QUIT_USING in: com.kms.katalon.constants.messages
Warning: NLS missing message: BTN_SEND in: com.kms.katalon.constants.messages
Warning: NLS missing message: MSG_QUESTION_WILL_CONTINUE_TO_USE in: com.kms.katalon.constants.messages
Warning: NLS missing message: MSG_QUIT_USING_KATALON_REASON in: com.kms.katalon.constants.messages
Warning: NLS missing message: MSG_QUIT_USING_KATALON_REASON_PLACEHOLDER in: com.kms.katalon.constants.messages
WebView Server has been started on port 60749
log4j:WARN No appenders could be found for logger (org.apache.http.client.protocol.RequestAuthCache).
log4j:WARN Please initialize the log4j system properly.
Start checking and mark activated for GUI mode
Start getting machine ID on Windows
Start appending additional signatures
hardwareSerialNumber 
osDependentUsername menht
End appending additional signatures 874d8613-0bef-467c-8b83-bf17cbc4a564__menht
End getting machine ID on Windows 7885ec879090084f24c38ce456917668

Mon May 24 20:31:31 ICT 2021
com.kms.katalon.integration.analytics.exceptions.AnalyticsApiExeception: java.net.UnknownHostException: analytics.katalon.com
	at com.kms.katalon.integration.analytics.exceptions.AnalyticsApiExeception.wrap(AnalyticsApiExeception.java:23)
	at com.kms.katalon.integration.analytics.providers.AnalyticsApiProvider.requestToken(AnalyticsApiProvider.java:152)
	at com.kms.katalon.integration.analytics.providers.TestOpsFeatureActivatorImpl.connect(TestOpsFeatureActivatorImpl.java:41)
	at com.kms.katalon.application.utils.ActivationInfoCollector.getLicenseFromTestOps(ActivationInfoCollector.java:492)
	at com.kms.katalon.application.utils.ActivationInfoCollector.activate(ActivationInfoCollector.java:380)
	at com.kms.katalon.application.utils.ActivationInfoCollector.checkAndMarkActivatedForGUIMode(ActivationInfoCollector.java:135)
	at com.kms.katalon.application.utils.ActivationInfoCollector.checkAndMarkActivatedForGUIMode(ActivationInfoCollector.java:102)
	at com.kms.katalon.util.ComposerActivationInfoCollector$1.run(ComposerActivationInfoCollector.java:91)
	at org.eclipse.jface.operation.ModalContext$ModalContextThread.run(ModalContext.java:122)
Caused by: java.net.UnknownHostException: analytics.katalon.com
	at java.net.Inet6AddressImpl.lookupAllHostAddr(Native Method)
	at java.net.InetAddress$2.lookupAllHostAddr(InetAddress.java:928)
	at java.net.InetAddress.getAddressesFromNameService(InetAddress.java:1323)
	at java.net.InetAddress.getAllByName0(InetAddress.java:1276)
	at java.net.InetAddress.getAllByName(InetAddress.java:1192)
	at java.net.InetAddress.getAllByName(InetAddress.java:1126)
	at org.apache.http.impl.conn.SystemDefaultDnsResolver.resolve(SystemDefaultDnsResolver.java:45)
	at org.apache.http.impl.conn.DefaultHttpClientConnectionOperator.connect(DefaultHttpClientConnectionOperator.java:112)
	at org.apache.http.impl.conn.PoolingHttpClientConnectionManager.connect(PoolingHttpClientConnectionManager.java:374)
	at org.apache.http.impl.execchain.MainClientExec.establishRoute(MainClientExec.java:393)
	at org.apache.http.impl.execchain.MainClientExec.execute(MainClientExec.java:236)
	at org.apache.http.impl.execchain.ProtocolExec.execute(ProtocolExec.java:186)
	at org.apache.http.impl.execchain.RetryExec.execute(RetryExec.java:89)
	at org.apache.http.impl.execchain.RedirectExec.execute(RedirectExec.java:110)
	at org.apache.http.impl.client.InternalHttpClient.doExecute(InternalHttpClient.java:185)
	at org.apache.http.impl.client.CloseableHttpClient.execute(CloseableHttpClient.java:83)
	at org.apache.http.impl.client.CloseableHttpClient.execute(CloseableHttpClient.java:108)
	at org.apache.http.impl.client.CloseableHttpClient.execute(CloseableHttpClient.java:56)
	at com.kms.katalon.integration.analytics.providers.AnalyticsApiProvider.executeRequest(AnalyticsApiProvider.java:646)
	at com.kms.katalon.integration.analytics.providers.AnalyticsApiProvider.executeRequest(AnalyticsApiProvider.java:675)
	at com.kms.katalon.integration.analytics.providers.AnalyticsApiProvider.requestToken(AnalyticsApiProvider.java:150)
	... 7 more



Mon May 24 20:31:31 ICT 2021
Activation collection is failed
com.kms.katalon.integration.analytics.exceptions.AnalyticsApiExeception: java.net.UnknownHostException: analytics.katalon.com
	at com.kms.katalon.integration.analytics.exceptions.AnalyticsApiExeception.wrap(AnalyticsApiExeception.java:23)
	at com.kms.katalon.integration.analytics.providers.AnalyticsApiProvider.requestToken(AnalyticsApiProvider.java:152)
	at com.kms.katalon.integration.analytics.providers.TestOpsFeatureActivatorImpl.connect(TestOpsFeatureActivatorImpl.java:41)
	at com.kms.katalon.application.utils.ActivationInfoCollector.getLicenseFromTestOps(ActivationInfoCollector.java:492)
	at com.kms.katalon.application.utils.ActivationInfoCollector.activate(ActivationInfoCollector.java:380)
	at com.kms.katalon.application.utils.ActivationInfoCollector.checkAndMarkActivatedForGUIMode(ActivationInfoCollector.java:135)
	at com.kms.katalon.application.utils.ActivationInfoCollector.checkAndMarkActivatedForGUIMode(ActivationInfoCollector.java:102)
	at com.kms.katalon.util.ComposerActivationInfoCollector$1.run(ComposerActivationInfoCollector.java:91)
	at org.eclipse.jface.operation.ModalContext$ModalContextThread.run(ModalContext.java:122)
Caused by: java.net.UnknownHostException: analytics.katalon.com
	at java.net.Inet6AddressImpl.lookupAllHostAddr(Native Method)
	at java.net.InetAddress$2.lookupAllHostAddr(InetAddress.java:928)
	at java.net.InetAddress.getAddressesFromNameService(InetAddress.java:1323)
	at java.net.InetAddress.getAllByName0(InetAddress.java:1276)
	at java.net.InetAddress.getAllByName(InetAddress.java:1192)
	at java.net.InetAddress.getAllByName(InetAddress.java:1126)
	at org.apache.http.impl.conn.SystemDefaultDnsResolver.resolve(SystemDefaultDnsResolver.java:45)
	at org.apache.http.impl.conn.DefaultHttpClientConnectionOperator.connect(DefaultHttpClientConnectionOperator.java:112)
	at org.apache.http.impl.conn.PoolingHttpClientConnectionManager.connect(PoolingHttpClientConnectionManager.java:374)
	at org.apache.http.impl.execchain.MainClientExec.establishRoute(MainClientExec.java:393)
	at org.apache.http.impl.execchain.MainClientExec.execute(MainClientExec.java:236)
	at org.apache.http.impl.execchain.ProtocolExec.execute(ProtocolExec.java:186)
	at org.apache.http.impl.execchain.RetryExec.execute(RetryExec.java:89)
	at org.apache.http.impl.execchain.RedirectExec.execute(RedirectExec.java:110)
	at org.apache.http.impl.client.InternalHttpClient.doExecute(InternalHttpClient.java:185)
	at org.apache.http.impl.client.CloseableHttpClient.execute(CloseableHttpClient.java:83)
	at org.apache.http.impl.client.CloseableHttpClient.execute(CloseableHttpClient.java:108)
	at org.apache.http.impl.client.CloseableHttpClient.execute(CloseableHttpClient.java:56)
	at com.kms.katalon.integration.analytics.providers.AnalyticsApiProvider.executeRequest(AnalyticsApiProvider.java:646)
	at com.kms.katalon.integration.analytics.providers.AnalyticsApiProvider.executeRequest(AnalyticsApiProvider.java:675)
	at com.kms.katalon.integration.analytics.providers.AnalyticsApiProvider.requestToken(AnalyticsApiProvider.java:150)
	... 7 more


End checking and mark activated for GUI mode
Start check license task

Mon May 24 20:31:32 ICT 2021
java.net.UnknownHostException: update.katalon.com
	at java.net.AbstractPlainSocketImpl.connect(AbstractPlainSocketImpl.java:184)
	at java.net.PlainSocketImpl.connect(PlainSocketImpl.java:172)
	at java.net.SocksSocketImpl.connect(SocksSocketImpl.java:392)
	at java.net.Socket.connect(Socket.java:589)
	at sun.security.ssl.SSLSocketImpl.connect(SSLSocketImpl.java:673)
	at sun.security.ssl.BaseSSLSocketImpl.connect(BaseSSLSocketImpl.java:173)
	at sun.net.NetworkClient.doConnect(NetworkClient.java:180)
	at sun.net.www.http.HttpClient.openServer(HttpClient.java:463)
	at sun.net.www.http.HttpClient.openServer(HttpClient.java:558)
	at sun.net.www.protocol.https.HttpsClient.<init>(HttpsClient.java:264)
	at sun.net.www.protocol.https.HttpsClient.New(HttpsClient.java:367)
	at sun.net.www.protocol.https.AbstractDelegateHttpsURLConnection.getNewHttpClient(AbstractDelegateHttpsURLConnection.java:191)
	at sun.net.www.protocol.http.HttpURLConnection.plainConnect0(HttpURLConnection.java:1199)
	at sun.net.www.protocol.http.HttpURLConnection.plainConnect(HttpURLConnection.java:1050)
	at sun.net.www.protocol.https.AbstractDelegateHttpsURLConnection.connect(AbstractDelegateHttpsURLConnection.java:177)
	at sun.net.www.protocol.http.HttpURLConnection.getOutputStream0(HttpURLConnection.java:1334)
	at sun.net.www.protocol.http.HttpURLConnection.getOutputStream(HttpURLConnection.java:1309)
	at sun.net.www.protocol.https.HttpsURLConnectionImpl.getOutputStream(HttpsURLConnectionImpl.java:259)
	at com.kms.katalon.application.utils.ServerAPICommunicationUtil.sendAndReceiveData(ServerAPICommunicationUtil.java:235)
	at com.kms.katalon.application.utils.ServerAPICommunicationUtil.invoke(ServerAPICommunicationUtil.java:127)
	at com.kms.katalon.application.utils.ServerAPICommunicationUtil.post(ServerAPICommunicationUtil.java:56)
	at com.kms.katalon.tracking.service.TrackingApiService.post(TrackingApiService.java:24)
	at com.kms.katalon.tracking.service.TrackingService.sendEventPayload(TrackingService.java:55)
	at com.kms.katalon.tracking.service.TrackingService.lambda$0(TrackingService.java:39)
	at java.util.concurrent.Executors$RunnableAdapter.call(Executors.java:511)
	at java.util.concurrent.FutureTask.run(FutureTask.java:266)
	at java.util.concurrent.ThreadPoolExecutor.runWorker(ThreadPoolExecutor.java:1149)
	at java.util.concurrent.ThreadPoolExecutor$Worker.run(ThreadPoolExecutor.java:624)
	at java.lang.Thread.run(Thread.java:748)



Mon May 24 20:31:35 ICT 2021
java.net.UnknownHostException: update.katalon.com
	at java.net.AbstractPlainSocketImpl.connect(AbstractPlainSocketImpl.java:184)
	at java.net.PlainSocketImpl.connect(PlainSocketImpl.java:172)
	at java.net.SocksSocketImpl.connect(SocksSocketImpl.java:392)
	at java.net.Socket.connect(Socket.java:589)
	at sun.security.ssl.SSLSocketImpl.connect(SSLSocketImpl.java:673)
	at sun.security.ssl.BaseSSLSocketImpl.connect(BaseSSLSocketImpl.java:173)
	at sun.net.NetworkClient.doConnect(NetworkClient.java:180)
	at sun.net.www.http.HttpClient.openServer(HttpClient.java:463)
	at sun.net.www.http.HttpClient.openServer(HttpClient.java:558)
	at sun.net.www.protocol.https.HttpsClient.<init>(HttpsClient.java:264)
	at sun.net.www.protocol.https.HttpsClient.New(HttpsClient.java:367)
	at sun.net.www.protocol.https.AbstractDelegateHttpsURLConnection.getNewHttpClient(AbstractDelegateHttpsURLConnection.java:191)
	at sun.net.www.protocol.http.HttpURLConnection.plainConnect0(HttpURLConnection.java:1199)
	at sun.net.www.protocol.http.HttpURLConnection.plainConnect(HttpURLConnection.java:1050)
	at sun.net.www.protocol.https.AbstractDelegateHttpsURLConnection.connect(AbstractDelegateHttpsURLConnection.java:177)
	at sun.net.www.protocol.http.HttpURLConnection.getOutputStream0(HttpURLConnection.java:1334)
	at sun.net.www.protocol.http.HttpURLConnection.getOutputStream(HttpURLConnection.java:1309)
	at sun.net.www.protocol.https.HttpsURLConnectionImpl.getOutputStream(HttpsURLConnectionImpl.java:259)
	at com.kms.katalon.application.utils.ServerAPICommunicationUtil.sendAndReceiveData(ServerAPICommunicationUtil.java:235)
	at com.kms.katalon.application.utils.ServerAPICommunicationUtil.invoke(ServerAPICommunicationUtil.java:127)
	at com.kms.katalon.application.utils.ServerAPICommunicationUtil.post(ServerAPICommunicationUtil.java:56)
	at com.kms.katalon.tracking.service.TrackingApiService.post(TrackingApiService.java:24)
	at com.kms.katalon.tracking.service.TrackingService.sendEventPayload(TrackingService.java:55)
	at com.kms.katalon.tracking.service.TrackingService.lambda$0(TrackingService.java:39)
	at java.util.concurrent.Executors$RunnableAdapter.call(Executors.java:511)
	at java.util.concurrent.FutureTask.run(FutureTask.java:266)
	at java.util.concurrent.ThreadPoolExecutor.runWorker(ThreadPoolExecutor.java:1149)
	at java.util.concurrent.ThreadPoolExecutor$Worker.run(ThreadPoolExecutor.java:624)
	at java.lang.Thread.run(Thread.java:748)



Mon May 24 20:31:35 ICT 2021
java.net.UnknownHostException: update.katalon.com
	at java.net.AbstractPlainSocketImpl.connect(AbstractPlainSocketImpl.java:184)
	at java.net.PlainSocketImpl.connect(PlainSocketImpl.java:172)
	at java.net.SocksSocketImpl.connect(SocksSocketImpl.java:392)
	at java.net.Socket.connect(Socket.java:589)
	at sun.security.ssl.SSLSocketImpl.connect(SSLSocketImpl.java:673)
	at sun.security.ssl.BaseSSLSocketImpl.connect(BaseSSLSocketImpl.java:173)
	at sun.net.NetworkClient.doConnect(NetworkClient.java:180)
	at sun.net.www.http.HttpClient.openServer(HttpClient.java:463)
	at sun.net.www.http.HttpClient.openServer(HttpClient.java:558)
	at sun.net.www.protocol.https.HttpsClient.<init>(HttpsClient.java:264)
	at sun.net.www.protocol.https.HttpsClient.New(HttpsClient.java:367)
	at sun.net.www.protocol.https.AbstractDelegateHttpsURLConnection.getNewHttpClient(AbstractDelegateHttpsURLConnection.java:191)
	at sun.net.www.protocol.http.HttpURLConnection.plainConnect0(HttpURLConnection.java:1199)
	at sun.net.www.protocol.http.HttpURLConnection.plainConnect(HttpURLConnection.java:1050)
	at sun.net.www.protocol.https.AbstractDelegateHttpsURLConnection.connect(AbstractDelegateHttpsURLConnection.java:177)
	at sun.net.www.protocol.http.HttpURLConnection.getOutputStream0(HttpURLConnection.java:1334)
	at sun.net.www.protocol.http.HttpURLConnection.getOutputStream(HttpURLConnection.java:1309)
	at sun.net.www.protocol.https.HttpsURLConnectionImpl.getOutputStream(HttpsURLConnectionImpl.java:259)
	at com.kms.katalon.application.utils.ServerAPICommunicationUtil.sendAndReceiveData(ServerAPICommunicationUtil.java:235)
	at com.kms.katalon.application.utils.ServerAPICommunicationUtil.invoke(ServerAPICommunicationUtil.java:127)
	at com.kms.katalon.application.utils.ServerAPICommunicationUtil.post(ServerAPICommunicationUtil.java:56)
	at com.kms.katalon.tracking.service.TrackingApiService.post(TrackingApiService.java:24)
	at com.kms.katalon.tracking.service.TrackingService.sendEventPayload(TrackingService.java:55)
	at com.kms.katalon.tracking.service.TrackingService.lambda$0(TrackingService.java:39)
	at java.util.concurrent.Executors$RunnableAdapter.call(Executors.java:511)
	at java.util.concurrent.FutureTask.run(FutureTask.java:266)
	at java.util.concurrent.ThreadPoolExecutor.runWorker(ThreadPoolExecutor.java:1149)
	at java.util.concurrent.ThreadPoolExecutor$Worker.run(ThreadPoolExecutor.java:624)
	at java.lang.Thread.run(Thread.java:748)



Mon May 24 20:31:37 ICT 2021
com.kms.katalon.integration.analytics.exceptions.AnalyticsApiExeception: java.net.UnknownHostException: analytics.katalon.com
	at com.kms.katalon.integration.analytics.exceptions.AnalyticsApiExeception.wrap(AnalyticsApiExeception.java:23)
	at com.kms.katalon.integration.analytics.providers.AnalyticsApiProvider.requestToken(AnalyticsApiProvider.java:152)
	at com.kms.katalon.integration.analytics.providers.TestOpsFeatureActivatorImpl.connect(TestOpsFeatureActivatorImpl.java:41)
	at com.kms.katalon.composer.handlers.IdleTimeoutHandler.getToken(IdleTimeoutHandler.java:109)
	at com.kms.katalon.composer.handlers.IdleTimeoutHandler.fetchIdleTimeoutInfo(IdleTimeoutHandler.java:115)
	at com.kms.katalon.composer.handlers.IdleTimeoutHandler.access$2(IdleTimeoutHandler.java:112)
	at com.kms.katalon.composer.handlers.IdleTimeoutHandler$2.handleEvent(IdleTimeoutHandler.java:66)
	at org.eclipse.e4.ui.services.internal.events.UIEventHandler.lambda$0(UIEventHandler.java:38)
	at org.eclipse.swt.widgets.RunnableLock.run(RunnableLock.java:40)
	at org.eclipse.swt.widgets.Synchronizer.runAsyncMessages(Synchronizer.java:185)
	at org.eclipse.swt.widgets.Display.runAsyncMessages(Display.java:4005)
	at org.eclipse.swt.widgets.Display.readAndDispatch(Display.java:3633)
	at org.eclipse.e4.ui.internal.workbench.swt.PartRenderingEngine$5.run(PartRenderingEngine.java:1158)
	at org.eclipse.core.databinding.observable.Realm.runWithDefault(Realm.java:338)
	at org.eclipse.e4.ui.internal.workbench.swt.PartRenderingEngine.run(PartRenderingEngine.java:1047)
	at org.eclipse.e4.ui.internal.workbench.E4Workbench.createAndRunUI(E4Workbench.java:155)
	at org.eclipse.ui.internal.Workbench.lambda$3(Workbench.java:658)
	at org.eclipse.core.databinding.observable.Realm.runWithDefault(Realm.java:338)
	at org.eclipse.ui.internal.Workbench.createAndRunWorkbench(Workbench.java:557)
	at org.eclipse.ui.PlatformUI.createAndRunWorkbench(PlatformUI.java:154)
	at com.kms.katalon.core.application.WorkbenchApplicationStarter.start(WorkbenchApplicationStarter.java:23)
	at com.kms.katalon.application.Application.runGUI(Application.java:191)
	at com.kms.katalon.application.Application.start(Application.java:102)
	at org.eclipse.equinox.internal.app.EclipseAppHandle.run(EclipseAppHandle.java:203)
	at org.eclipse.core.runtime.internal.adaptor.EclipseAppLauncher.runApplication(EclipseAppLauncher.java:137)
	at org.eclipse.core.runtime.internal.adaptor.EclipseAppLauncher.start(EclipseAppLauncher.java:107)
	at org.eclipse.core.runtime.adaptor.EclipseStarter.run(EclipseStarter.java:401)
	at org.eclipse.core.runtime.adaptor.EclipseStarter.run(EclipseStarter.java:255)
	at sun.reflect.NativeMethodAccessorImpl.invoke0(Native Method)
	at sun.reflect.NativeMethodAccessorImpl.invoke(NativeMethodAccessorImpl.java:62)
	at sun.reflect.DelegatingMethodAccessorImpl.invoke(DelegatingMethodAccessorImpl.java:43)
	at java.lang.reflect.Method.invoke(Method.java:498)
	at org.eclipse.equinox.launcher.Main.invokeFramework(Main.java:657)
	at org.eclipse.equinox.launcher.Main.basicRun(Main.java:594)
	at org.eclipse.equinox.launcher.Main.run(Main.java:1447)
Caused by: java.net.UnknownHostException: analytics.katalon.com
	at java.net.InetAddress.getAllByName0(InetAddress.java:1280)
	at java.net.InetAddress.getAllByName(InetAddress.java:1192)
	at java.net.InetAddress.getAllByName(InetAddress.java:1126)
	at org.apache.http.impl.conn.SystemDefaultDnsResolver.resolve(SystemDefaultDnsResolver.java:45)
	at org.apache.http.impl.conn.DefaultHttpClientConnectionOperator.connect(DefaultHttpClientConnectionOperator.java:112)
	at org.apache.http.impl.conn.PoolingHttpClientConnectionManager.connect(PoolingHttpClientConnectionManager.java:374)
	at org.apache.http.impl.execchain.MainClientExec.establishRoute(MainClientExec.java:393)
	at org.apache.http.impl.execchain.MainClientExec.execute(MainClientExec.java:236)
	at org.apache.http.impl.execchain.ProtocolExec.execute(ProtocolExec.java:186)
	at org.apache.http.impl.execchain.RetryExec.execute(RetryExec.java:89)
	at org.apache.http.impl.execchain.RedirectExec.execute(RedirectExec.java:110)
	at org.apache.http.impl.client.InternalHttpClient.doExecute(InternalHttpClient.java:185)
	at org.apache.http.impl.client.CloseableHttpClient.execute(CloseableHttpClient.java:83)
	at org.apache.http.impl.client.CloseableHttpClient.execute(CloseableHttpClient.java:108)
	at org.apache.http.impl.client.CloseableHttpClient.execute(CloseableHttpClient.java:56)
	at com.kms.katalon.integration.analytics.providers.AnalyticsApiProvider.executeRequest(AnalyticsApiProvider.java:646)
	at com.kms.katalon.integration.analytics.providers.AnalyticsApiProvider.executeRequest(AnalyticsApiProvider.java:675)
	at com.kms.katalon.integration.analytics.providers.AnalyticsApiProvider.requestToken(AnalyticsApiProvider.java:150)
	... 33 more


Warning: NLS unused message: LBL_DEFAULT_LOCATOR_SELECTION_AREA in: com.katalon.plugin.smart_xpath.constant.SmartXpathMessages
WebView Server has been started on port 60752

Mon May 24 20:31:38 ICT 2021
com.kms.katalon.integration.analytics.exceptions.AnalyticsApiExeception: java.net.UnknownHostException: analytics.katalon.com
	at com.kms.katalon.integration.analytics.exceptions.AnalyticsApiExeception.wrap(AnalyticsApiExeception.java:23)
	at com.kms.katalon.integration.analytics.providers.AnalyticsApiProvider.requestToken(AnalyticsApiProvider.java:152)
	at com.kms.katalon.webserver.KatalonInfoHandler.fetchTrialExpirationDate(KatalonInfoHandler.java:57)
	at com.kms.katalon.webserver.KatalonInfoHandler.customHandle(KatalonInfoHandler.java:26)
	at com.kms.katalon.webserver.CustomHttpHandler.handle(CustomHttpHandler.java:14)
	at com.sun.net.httpserver.Filter$Chain.doFilter(Filter.java:79)
	at sun.net.httpserver.AuthFilter.doFilter(AuthFilter.java:83)
	at com.sun.net.httpserver.Filter$Chain.doFilter(Filter.java:82)
	at sun.net.httpserver.ServerImpl$Exchange$LinkHandler.handle(ServerImpl.java:675)
	at com.sun.net.httpserver.Filter$Chain.doFilter(Filter.java:79)
	at sun.net.httpserver.ServerImpl$Exchange.run(ServerImpl.java:647)
	at java.util.concurrent.ThreadPoolExecutor.runWorker(ThreadPoolExecutor.java:1149)
	at java.util.concurrent.ThreadPoolExecutor$Worker.run(ThreadPoolExecutor.java:624)
	at java.lang.Thread.run(Thread.java:748)
Caused by: java.net.UnknownHostException: analytics.katalon.com
	at java.net.InetAddress.getAllByName0(InetAddress.java:1280)
	at java.net.InetAddress.getAllByName(InetAddress.java:1192)
	at java.net.InetAddress.getAllByName(InetAddress.java:1126)
	at org.apache.http.impl.conn.SystemDefaultDnsResolver.resolve(SystemDefaultDnsResolver.java:45)
	at org.apache.http.impl.conn.DefaultHttpClientConnectionOperator.connect(DefaultHttpClientConnectionOperator.java:112)
	at org.apache.http.impl.conn.PoolingHttpClientConnectionManager.connect(PoolingHttpClientConnectionManager.java:374)
	at org.apache.http.impl.execchain.MainClientExec.establishRoute(MainClientExec.java:393)
	at org.apache.http.impl.execchain.MainClientExec.execute(MainClientExec.java:236)
	at org.apache.http.impl.execchain.ProtocolExec.execute(ProtocolExec.java:186)
	at org.apache.http.impl.execchain.RetryExec.execute(RetryExec.java:89)
	at org.apache.http.impl.execchain.RedirectExec.execute(RedirectExec.java:110)
	at org.apache.http.impl.client.InternalHttpClient.doExecute(InternalHttpClient.java:185)
	at org.apache.http.impl.client.CloseableHttpClient.execute(CloseableHttpClient.java:83)
	at org.apache.http.impl.client.CloseableHttpClient.execute(CloseableHttpClient.java:108)
	at org.apache.http.impl.client.CloseableHttpClient.execute(CloseableHttpClient.java:56)
	at com.kms.katalon.integration.analytics.providers.AnalyticsApiProvider.executeRequest(AnalyticsApiProvider.java:646)
	at com.kms.katalon.integration.analytics.providers.AnalyticsApiProvider.executeRequest(AnalyticsApiProvider.java:675)
	at com.kms.katalon.integration.analytics.providers.AnalyticsApiProvider.requestToken(AnalyticsApiProvider.java:150)
	... 12 more


